<?xml version="1.0" encoding="UTF-8"?>
<!-- Generated by org.testng.reporters.JUnitReportReporter -->
<testsuite hostname="DIL-IND-QA08" failures="0" tests="1" name="com.Automation.Testcases.TestCase_1" time="27.612" errors="0" timestamp="2022-10-20T15:14:14 IST" skipped="0">
  <testcase classname="com.Automation.Testcases.TestCase_1" name="test1" time="27.612"/>
  <system-out/>
</testsuite> <!-- com.Automation.Testcases.TestCase_1 -->
